<?xml version="1.0" encoding="UTF-8"?>
<!-- Generated by org.testng.reporters.JUnitXMLReporter -->
<testsuite ignored="0" hostname="Tanya" failures="0" tests="15" name="Test" time="84.606" errors="0" timestamp="2024-02-13T16:08:01 IST">
  <testcase classname="Funcinality.Tc_car_001_Test" name="benz" time="4.166"/>
  <testcase classname="integration.Tc_Beauty_001_Test" name="lakme" time="3.356"/>
  <testcase classname="system.Tc_tourist_001_Test" name="redbus" time="2.809"/>
  <testcase classname="Funcinality.Tc_car_002_Test" name="roycemotorscar" time="3.391"/>
  <testcase classname="integration.Tc_Beauty_002_Test" name="loreal" time="3.037"/>
  <testcase classname="system.Tc_tourist_002_Test" name="irctcApp" time="4.824"/>
  <testcase classname="Funcinality.Tc_car_003_Test" name="ferrari" time="2.907"/>
  <testcase classname="integration.Tc_Beauty_003_Test" name="purple" time="3.396"/>
  <testcase classname="system.Tc_tourist_003_Test" name="makemytrip" time="2.964"/>
  <testcase classname="Funcinality.Tc_car_004_Test" name="audi" time="3.74"/>
  <testcase classname="integration.Tc_Beauty_004_Test" name="sugar" time="14.19"/>
  <testcase classname="system.Tc_tourist_004_Test" name="trivago" time="3.309"/>
  <testcase classname="Funcinality.Tc_car_005_Test" name="lamborgini" time="2.181"/>
  <testcase classname="integration.Tc_Beauty_005_Test" name="mac" time="26.695"/>
  <testcase classname="system.Tc_tourist_005_Test" name="e" time="3.576"/>
</testsuite> <!-- Test -->
